<?xml version="1.0" encoding="utf-8"?><testsuites name="pytest tests"><testsuite name="pytest" errors="0" failures="0" skipped="0" tests="12" time="6.432" timestamp="2026-02-15T13:30:28.440009+00:00" hostname="agent-env-0005a662-fcca-4116-87b1-8df31b24dfd9"><testcase classname="backend.tests.test_fitbudget_api.TestAuth" name="test_01_register_new_user" time="0.464" /><testcase classname="backend.tests.test_fitbudget_api.TestAuth" name="test_02_login_existing_user" time="0.332" /><testcase classname="backend.tests.test_fitbudget_api.TestAuth" name="test_03_get_auth_me_with_token" time="0.404" /><testcase classname="backend.tests.test_fitbudget_api.TestOnboarding" name="test_04_onboarding_saves_data_and_calculates_targets" time="0.567" /><testcase classname="backend.tests.test_fitbudget_api.TestDashboard" name="test_05_dashboard_returns_complete_data" time="0.442" /><testcase classname="backend.tests.test_fitbudget_api.TestFoodSearch" name="test_06_food_search_with_query" time="0.445" /><testcase classname="backend.tests.test_fitbudget_api.TestFoodSearch" name="test_07_food_popular_returns_high_protein" time="0.447" /><testcase classname="backend.tests.test_fitbudget_api.TestFoodLogging" name="test_08_create_food_log_entry" time="0.531" /><testcase classname="backend.tests.test_fitbudget_api.TestFoodLogging" name="test_09_get_food_logs_for_date" time="1.083" /><testcase classname="backend.tests.test_fitbudget_api.TestFoodLogging" name="test_10_delete_food_log_entry" time="0.595" /><testcase classname="backend.tests.test_fitbudget_api.TestWeightTracking" name="test_11_log_weight_entry" time="0.524" /><testcase classname="backend.tests.test_fitbudget_api.TestWeightTracking" name="test_12_get_weight_history" time="0.506" /></testsuite></testsuites>