<?xml version="1.0" encoding="utf-8"?><testsuites name="pytest tests"><testsuite name="pytest" errors="0" failures="0" skipped="1" tests="9" time="5.851" timestamp="2026-02-16T15:36:33.172908+00:00" hostname="agent-env-0005a662-fcca-4116-87b1-8df31b24dfd9"><testcase classname="backend.tests.test_subscription_monetization.TestSubscriptionStatus" name="test_01_subscription_status_free_tier" time="0.749" /><testcase classname="backend.tests.test_subscription_monetization.TestPlanUnlock" name="test_02_unlock_plan_success" time="0.414"><skipped type="pytest.skip" message="No diet plan exists for user, cannot test unlock">/app/backend/tests/test_subscription_monetization.py:103: No diet plan exists for user, cannot test unlock</skipped></testcase><testcase classname="backend.tests.test_subscription_monetization.TestSubscriptionUpgrade" name="test_03_upgrade_to_premium" time="0.824" /><testcase classname="backend.tests.test_subscription_monetization.TestContentGating" name="test_04_diet_plan_gated_for_free_user" time="0.769" /><testcase classname="backend.tests.test_subscription_monetization.TestContentGating" name="test_05_workout_plan_gated_for_free_user" time="0.481" /><testcase classname="backend.tests.test_subscription_monetization.TestGlobalFoodDatabase" name="test_06_food_search_pizza_returns_italian" time="0.488" /><testcase classname="backend.tests.test_subscription_monetization.TestGlobalFoodDatabase" name="test_07_food_search_ramen_returns_japanese" time="0.577" /><testcase classname="backend.tests.test_subscription_monetization.TestGlobalFoodDatabase" name="test_08_food_search_cuisine_filter_korean" time="0.448" /><testcase classname="backend.tests.test_subscription_monetization.TestGlobalFoodDatabase" name="test_09_food_database_has_multiple_cuisines" time="1.016" /></testsuite></testsuites>